[0.868s] Invoking command in '/home/albertocastro/ros2_ws/src/my_py_pkg': PYTHONPATH=/home/albertocastro/ros2_ws/build/my_py_pkg/prefix_override:/home/albertocastro/ros2_ws/install/my_py_pkg/lib/python3.8/site-packages:${PYTHONPATH} /usr/bin/python3 setup.py egg_info --egg-base ../../build/my_py_pkg build --build-base /home/albertocastro/ros2_ws/build/my_py_pkg/build install --record /home/albertocastro/ros2_ws/build/my_py_pkg/install.log --install-scripts $base/lib/my_py_pkg --single-version-externally-managed
[1.144s] running egg_info
[1.145s] creating ../../build/my_py_pkg/my_py_pkg.egg-info
[1.145s] writing ../../build/my_py_pkg/my_py_pkg.egg-info/PKG-INFO
[1.146s] writing dependency_links to ../../build/my_py_pkg/my_py_pkg.egg-info/dependency_links.txt
[1.146s] writing entry points to ../../build/my_py_pkg/my_py_pkg.egg-info/entry_points.txt
[1.146s] writing requirements to ../../build/my_py_pkg/my_py_pkg.egg-info/requires.txt
[1.146s] writing top-level names to ../../build/my_py_pkg/my_py_pkg.egg-info/top_level.txt
[1.148s] writing manifest file '../../build/my_py_pkg/my_py_pkg.egg-info/SOURCES.txt'
[1.190s] reading manifest file '../../build/my_py_pkg/my_py_pkg.egg-info/SOURCES.txt'
[1.191s] writing manifest file '../../build/my_py_pkg/my_py_pkg.egg-info/SOURCES.txt'
[1.191s] running build
[1.192s] running build_py
[1.192s] creating /home/albertocastro/ros2_ws/build/my_py_pkg/build
[1.192s] creating /home/albertocastro/ros2_ws/build/my_py_pkg/build/lib
[1.192s] creating /home/albertocastro/ros2_ws/build/my_py_pkg/build/lib/my_py_pkg
[1.192s] copying my_py_pkg/my_first_node.py -> /home/albertocastro/ros2_ws/build/my_py_pkg/build/lib/my_py_pkg
[1.193s] copying my_py_pkg/__init__.py -> /home/albertocastro/ros2_ws/build/my_py_pkg/build/lib/my_py_pkg
[1.193s] running install
[1.193s] running install_lib
[1.194s] creating /home/albertocastro/ros2_ws/install/my_py_pkg/lib/python3.8/site-packages/my_py_pkg
[1.195s] copying /home/albertocastro/ros2_ws/build/my_py_pkg/build/lib/my_py_pkg/my_first_node.py -> /home/albertocastro/ros2_ws/install/my_py_pkg/lib/python3.8/site-packages/my_py_pkg
[1.195s] copying /home/albertocastro/ros2_ws/build/my_py_pkg/build/lib/my_py_pkg/__init__.py -> /home/albertocastro/ros2_ws/install/my_py_pkg/lib/python3.8/site-packages/my_py_pkg
[1.195s] byte-compiling /home/albertocastro/ros2_ws/install/my_py_pkg/lib/python3.8/site-packages/my_py_pkg/my_first_node.py to my_first_node.cpython-38.pyc
[1.197s] byte-compiling /home/albertocastro/ros2_ws/install/my_py_pkg/lib/python3.8/site-packages/my_py_pkg/__init__.py to __init__.cpython-38.pyc
[1.197s] running install_data
[1.198s] creating /home/albertocastro/ros2_ws/install/my_py_pkg/share/ament_index
[1.198s] creating /home/albertocastro/ros2_ws/install/my_py_pkg/share/ament_index/resource_index
[1.198s] creating /home/albertocastro/ros2_ws/install/my_py_pkg/share/ament_index/resource_index/packages
[1.199s] copying resource/my_py_pkg -> /home/albertocastro/ros2_ws/install/my_py_pkg/share/ament_index/resource_index/packages
[1.199s] copying package.xml -> /home/albertocastro/ros2_ws/install/my_py_pkg/share/my_py_pkg
[1.199s] running install_egg_info
[1.201s] Copying ../../build/my_py_pkg/my_py_pkg.egg-info to /home/albertocastro/ros2_ws/install/my_py_pkg/lib/python3.8/site-packages/my_py_pkg-0.0.0-py3.8.egg-info
[1.202s] running install_scripts
[1.222s] writing list of installed files to '/home/albertocastro/ros2_ws/build/my_py_pkg/install.log'
[1.252s] Invoked command in '/home/albertocastro/ros2_ws/src/my_py_pkg' returned '0': PYTHONPATH=/home/albertocastro/ros2_ws/build/my_py_pkg/prefix_override:/home/albertocastro/ros2_ws/install/my_py_pkg/lib/python3.8/site-packages:${PYTHONPATH} /usr/bin/python3 setup.py egg_info --egg-base ../../build/my_py_pkg build --build-base /home/albertocastro/ros2_ws/build/my_py_pkg/build install --record /home/albertocastro/ros2_ws/build/my_py_pkg/install.log --install-scripts $base/lib/my_py_pkg --single-version-externally-managed
