[0.843s] Invoking command in '/home/albertocastro/ros2_ws/src/my_py_pkg': PYTHONPATH=/home/albertocastro/ros2_ws/build/my_py_pkg/prefix_override:/home/albertocastro/ros2_ws/install/my_py_pkg/lib/python3.8/site-packages:${PYTHONPATH} /usr/bin/python3 setup.py egg_info --egg-base ../../build/my_py_pkg build --build-base /home/albertocastro/ros2_ws/build/my_py_pkg/build install --record /home/albertocastro/ros2_ws/build/my_py_pkg/install.log --install-scripts $base/lib/my_py_pkg --single-version-externally-managed
[1.115s] running egg_info
[1.116s] writing ../../build/my_py_pkg/my_py_pkg.egg-info/PKG-INFO
[1.117s] writing dependency_links to ../../build/my_py_pkg/my_py_pkg.egg-info/dependency_links.txt
[1.117s] writing entry points to ../../build/my_py_pkg/my_py_pkg.egg-info/entry_points.txt
[1.117s] writing requirements to ../../build/my_py_pkg/my_py_pkg.egg-info/requires.txt
[1.117s] writing top-level names to ../../build/my_py_pkg/my_py_pkg.egg-info/top_level.txt
[1.160s] reading manifest file '../../build/my_py_pkg/my_py_pkg.egg-info/SOURCES.txt'
[1.161s] writing manifest file '../../build/my_py_pkg/my_py_pkg.egg-info/SOURCES.txt'
[1.162s] running build
[1.162s] running build_py
[1.162s] running install
[1.163s] running install_lib
[1.165s] running install_data
[1.165s] running install_egg_info
[1.167s] removing '/home/albertocastro/ros2_ws/install/my_py_pkg/lib/python3.8/site-packages/my_py_pkg-0.0.0-py3.8.egg-info' (and everything under it)
[1.168s] Copying ../../build/my_py_pkg/my_py_pkg.egg-info to /home/albertocastro/ros2_ws/install/my_py_pkg/lib/python3.8/site-packages/my_py_pkg-0.0.0-py3.8.egg-info
[1.169s] running install_scripts
[1.190s] writing list of installed files to '/home/albertocastro/ros2_ws/build/my_py_pkg/install.log'
[1.219s] Invoked command in '/home/albertocastro/ros2_ws/src/my_py_pkg' returned '0': PYTHONPATH=/home/albertocastro/ros2_ws/build/my_py_pkg/prefix_override:/home/albertocastro/ros2_ws/install/my_py_pkg/lib/python3.8/site-packages:${PYTHONPATH} /usr/bin/python3 setup.py egg_info --egg-base ../../build/my_py_pkg build --build-base /home/albertocastro/ros2_ws/build/my_py_pkg/build install --record /home/albertocastro/ros2_ws/build/my_py_pkg/install.log --install-scripts $base/lib/my_py_pkg --single-version-externally-managed
