[0.866s] Invoking command in '/home/albertocastro/ros2_ws/build/my_py_pkg': PYTHONPATH=/home/albertocastro/ros2_ws/build/my_py_pkg/prefix_override:/home/albertocastro/ros2_ws/install/my_py_pkg/lib/python3.8/site-packages:${PYTHONPATH} /usr/bin/python3 setup.py develop --uninstall --editable --build-directory /home/albertocastro/ros2_ws/build/my_py_pkg/build
[1.176s] running develop
[1.359s] Removing /home/albertocastro/ros2_ws/install/my_py_pkg/lib/python3.8/site-packages/my-py-pkg.egg-link (link to .)
[1.387s] Invoked command in '/home/albertocastro/ros2_ws/build/my_py_pkg' returned '0': PYTHONPATH=/home/albertocastro/ros2_ws/build/my_py_pkg/prefix_override:/home/albertocastro/ros2_ws/install/my_py_pkg/lib/python3.8/site-packages:${PYTHONPATH} /usr/bin/python3 setup.py develop --uninstall --editable --build-directory /home/albertocastro/ros2_ws/build/my_py_pkg/build
[1.389s] Invoking command in '/home/albertocastro/ros2_ws/src/my_py_pkg': PYTHONPATH=/home/albertocastro/ros2_ws/build/my_py_pkg/prefix_override:/home/albertocastro/ros2_ws/install/my_py_pkg/lib/python3.8/site-packages:${PYTHONPATH} /usr/bin/python3 setup.py egg_info --egg-base ../../build/my_py_pkg build --build-base /home/albertocastro/ros2_ws/build/my_py_pkg/build install --record /home/albertocastro/ros2_ws/build/my_py_pkg/install.log --install-scripts $base/lib/my_py_pkg --single-version-externally-managed
[1.668s] running egg_info
[1.669s] writing ../../build/my_py_pkg/my_py_pkg.egg-info/PKG-INFO
[1.669s] writing dependency_links to ../../build/my_py_pkg/my_py_pkg.egg-info/dependency_links.txt
[1.670s] writing entry points to ../../build/my_py_pkg/my_py_pkg.egg-info/entry_points.txt
[1.670s] writing requirements to ../../build/my_py_pkg/my_py_pkg.egg-info/requires.txt
[1.670s] writing top-level names to ../../build/my_py_pkg/my_py_pkg.egg-info/top_level.txt
[1.711s] reading manifest file '../../build/my_py_pkg/my_py_pkg.egg-info/SOURCES.txt'
[1.712s] writing manifest file '../../build/my_py_pkg/my_py_pkg.egg-info/SOURCES.txt'
[1.712s] running build
[1.713s] running build_py
[1.713s] copying my_py_pkg/smartphone.py -> /home/albertocastro/ros2_ws/build/my_py_pkg/build/lib/my_py_pkg
[1.713s] copying my_py_pkg/template_nodes.py -> /home/albertocastro/ros2_ws/build/my_py_pkg/build/lib/my_py_pkg
[1.713s] copying my_py_pkg/my_first_node.py -> /home/albertocastro/ros2_ws/build/my_py_pkg/build/lib/my_py_pkg
[1.713s] copying my_py_pkg/robot_news_station.py -> /home/albertocastro/ros2_ws/build/my_py_pkg/build/lib/my_py_pkg
[1.713s] running install
[1.714s] running install_lib
[1.716s] creating /home/albertocastro/ros2_ws/install/my_py_pkg/lib/python3.8/site-packages/my_py_pkg
[1.716s] copying /home/albertocastro/ros2_ws/build/my_py_pkg/build/lib/my_py_pkg/smartphone.py -> /home/albertocastro/ros2_ws/install/my_py_pkg/lib/python3.8/site-packages/my_py_pkg
[1.717s] copying /home/albertocastro/ros2_ws/build/my_py_pkg/build/lib/my_py_pkg/template_nodes.py -> /home/albertocastro/ros2_ws/install/my_py_pkg/lib/python3.8/site-packages/my_py_pkg
[1.717s] copying /home/albertocastro/ros2_ws/build/my_py_pkg/build/lib/my_py_pkg/my_first_node.py -> /home/albertocastro/ros2_ws/install/my_py_pkg/lib/python3.8/site-packages/my_py_pkg
[1.717s] copying /home/albertocastro/ros2_ws/build/my_py_pkg/build/lib/my_py_pkg/robot_news_station.py -> /home/albertocastro/ros2_ws/install/my_py_pkg/lib/python3.8/site-packages/my_py_pkg
[1.717s] copying /home/albertocastro/ros2_ws/build/my_py_pkg/build/lib/my_py_pkg/__init__.py -> /home/albertocastro/ros2_ws/install/my_py_pkg/lib/python3.8/site-packages/my_py_pkg
[1.717s] byte-compiling /home/albertocastro/ros2_ws/install/my_py_pkg/lib/python3.8/site-packages/my_py_pkg/smartphone.py to smartphone.cpython-38.pyc
[1.719s] byte-compiling /home/albertocastro/ros2_ws/install/my_py_pkg/lib/python3.8/site-packages/my_py_pkg/template_nodes.py to template_nodes.cpython-38.pyc
[1.719s] byte-compiling /home/albertocastro/ros2_ws/install/my_py_pkg/lib/python3.8/site-packages/my_py_pkg/my_first_node.py to my_first_node.cpython-38.pyc
[1.720s] byte-compiling /home/albertocastro/ros2_ws/install/my_py_pkg/lib/python3.8/site-packages/my_py_pkg/robot_news_station.py to robot_news_station.cpython-38.pyc
[1.721s] byte-compiling /home/albertocastro/ros2_ws/install/my_py_pkg/lib/python3.8/site-packages/my_py_pkg/__init__.py to __init__.cpython-38.pyc
[1.721s] running install_data
[1.722s] running install_egg_info
[1.724s] Copying ../../build/my_py_pkg/my_py_pkg.egg-info to /home/albertocastro/ros2_ws/install/my_py_pkg/lib/python3.8/site-packages/my_py_pkg-0.0.0-py3.8.egg-info
[1.725s] running install_scripts
[1.747s] Installing py_node script to /home/albertocastro/ros2_ws/install/my_py_pkg/lib/my_py_pkg
[1.747s] Installing robot_news_station script to /home/albertocastro/ros2_ws/install/my_py_pkg/lib/my_py_pkg
[1.747s] Installing smartphone script to /home/albertocastro/ros2_ws/install/my_py_pkg/lib/my_py_pkg
[1.747s] writing list of installed files to '/home/albertocastro/ros2_ws/build/my_py_pkg/install.log'
[1.779s] Invoked command in '/home/albertocastro/ros2_ws/src/my_py_pkg' returned '0': PYTHONPATH=/home/albertocastro/ros2_ws/build/my_py_pkg/prefix_override:/home/albertocastro/ros2_ws/install/my_py_pkg/lib/python3.8/site-packages:${PYTHONPATH} /usr/bin/python3 setup.py egg_info --egg-base ../../build/my_py_pkg build --build-base /home/albertocastro/ros2_ws/build/my_py_pkg/build install --record /home/albertocastro/ros2_ws/build/my_py_pkg/install.log --install-scripts $base/lib/my_py_pkg --single-version-externally-managed
