[0.392s] DEBUG:colcon:Command line arguments: ['/usr/bin/colcon', 'build']
[0.392s] DEBUG:colcon:Parsed command line arguments: Namespace(allow_overriding=[], ament_cmake_args=None, base_paths=['.'], build_base='build', catkin_cmake_args=None, catkin_skip_building_tests=False, cmake_args=None, cmake_clean_cache=False, cmake_clean_first=False, cmake_force_configure=False, cmake_target=None, cmake_target_skip_unavailable=False, continue_on_error=False, event_handlers=None, executor='parallel', ignore_user_meta=False, install_base='install', log_base=None, log_level=None, main=<bound method BuildVerb.main of <colcon_core.verb.build.BuildVerb object at 0x7fbb857b50a0>>, merge_install=False, metas=['./colcon.meta'], packages_above=None, packages_above_and_dependencies=None, packages_above_depth=None, packages_end=None, packages_ignore=None, packages_ignore_regex=None, packages_select=None, packages_select_build_failed=False, packages_select_by_dep=None, packages_select_regex=None, packages_select_test_failures=False, packages_skip=None, packages_skip_build_finished=False, packages_skip_by_dep=None, packages_skip_regex=None, packages_skip_test_passed=False, packages_skip_up_to=None, packages_start=None, packages_up_to=None, packages_up_to_regex=None, parallel_workers=4, paths=None, symlink_install=False, test_result_base=None, verb_extension=<colcon_core.verb.build.BuildVerb object at 0x7fbb857b50a0>, verb_name='build', verb_parser=<colcon_defaults.argument_parser.defaults.DefaultArgumentsDecorator object at 0x7fbb857b55e0>)
[0.425s] Level 1:colcon.colcon_core.package_discovery:discover_packages(colcon_meta) check parameters
[0.425s] Level 1:colcon.colcon_core.package_discovery:discover_packages(recursive) check parameters
[0.425s] Level 1:colcon.colcon_core.package_discovery:discover_packages(ignore) check parameters
[0.425s] Level 1:colcon.colcon_core.package_discovery:discover_packages(path) check parameters
[0.425s] Level 1:colcon.colcon_core.package_discovery:discover_packages(colcon_meta) discover
[0.425s] Level 1:colcon.colcon_core.package_discovery:discover_packages(recursive) discover
[0.425s] INFO:colcon.colcon_core.package_discovery:Crawling recursively for packages in '/home/albertocastro/ros2_ws'
[0.426s] Level 1:colcon.colcon_core.package_identification:_identify(.) by extensions ['ignore', 'ignore_ament_install']
[0.426s] Level 1:colcon.colcon_core.package_identification:_identify(.) by extension 'ignore'
[0.426s] Level 1:colcon.colcon_core.package_identification:_identify(.) by extension 'ignore_ament_install'
[0.426s] Level 1:colcon.colcon_core.package_identification:_identify(.) by extensions ['colcon_pkg']
[0.426s] Level 1:colcon.colcon_core.package_identification:_identify(.) by extension 'colcon_pkg'
[0.426s] Level 1:colcon.colcon_core.package_identification:_identify(.) by extensions ['colcon_meta']
[0.426s] Level 1:colcon.colcon_core.package_identification:_identify(.) by extension 'colcon_meta'
[0.426s] Level 1:colcon.colcon_core.package_identification:_identify(.) by extensions ['ros']
[0.426s] Level 1:colcon.colcon_core.package_identification:_identify(.) by extension 'ros'
[0.453s] Level 1:colcon.colcon_core.package_identification:_identify(.) by extensions ['cmake', 'python']
[0.453s] Level 1:colcon.colcon_core.package_identification:_identify(.) by extension 'cmake'
[0.454s] Level 1:colcon.colcon_core.package_identification:_identify(.) by extension 'python'
[0.454s] Level 1:colcon.colcon_core.package_identification:_identify(.) by extensions ['python_setup_py']
[0.454s] Level 1:colcon.colcon_core.package_identification:_identify(.) by extension 'python_setup_py'
[0.454s] Level 1:colcon.colcon_core.package_identification:_identify(build) by extensions ['ignore', 'ignore_ament_install']
[0.454s] Level 1:colcon.colcon_core.package_identification:_identify(build) by extension 'ignore'
[0.454s] Level 1:colcon.colcon_core.package_identification:_identify(build) ignored
[0.455s] Level 1:colcon.colcon_core.package_identification:_identify(install) by extensions ['ignore', 'ignore_ament_install']
[0.455s] Level 1:colcon.colcon_core.package_identification:_identify(install) by extension 'ignore'
[0.455s] Level 1:colcon.colcon_core.package_identification:_identify(install) ignored
[0.455s] Level 1:colcon.colcon_core.package_identification:_identify(log) by extensions ['ignore', 'ignore_ament_install']
[0.455s] Level 1:colcon.colcon_core.package_identification:_identify(log) by extension 'ignore'
[0.455s] Level 1:colcon.colcon_core.package_identification:_identify(log) ignored
[0.456s] Level 1:colcon.colcon_core.package_identification:_identify(src) by extensions ['ignore', 'ignore_ament_install']
[0.456s] Level 1:colcon.colcon_core.package_identification:_identify(src) by extension 'ignore'
[0.456s] Level 1:colcon.colcon_core.package_identification:_identify(src) by extension 'ignore_ament_install'
[0.456s] Level 1:colcon.colcon_core.package_identification:_identify(src) by extensions ['colcon_pkg']
[0.456s] Level 1:colcon.colcon_core.package_identification:_identify(src) by extension 'colcon_pkg'
[0.456s] Level 1:colcon.colcon_core.package_identification:_identify(src) by extensions ['colcon_meta']
[0.456s] Level 1:colcon.colcon_core.package_identification:_identify(src) by extension 'colcon_meta'
[0.456s] Level 1:colcon.colcon_core.package_identification:_identify(src) by extensions ['ros']
[0.457s] Level 1:colcon.colcon_core.package_identification:_identify(src) by extension 'ros'
[0.457s] Level 1:colcon.colcon_core.package_identification:_identify(src) by extensions ['cmake', 'python']
[0.457s] Level 1:colcon.colcon_core.package_identification:_identify(src) by extension 'cmake'
[0.457s] Level 1:colcon.colcon_core.package_identification:_identify(src) by extension 'python'
[0.457s] Level 1:colcon.colcon_core.package_identification:_identify(src) by extensions ['python_setup_py']
[0.457s] Level 1:colcon.colcon_core.package_identification:_identify(src) by extension 'python_setup_py'
[0.457s] Level 1:colcon.colcon_core.package_identification:_identify(src/my_py_pkg) by extensions ['ignore', 'ignore_ament_install']
[0.457s] Level 1:colcon.colcon_core.package_identification:_identify(src/my_py_pkg) by extension 'ignore'
[0.458s] Level 1:colcon.colcon_core.package_identification:_identify(src/my_py_pkg) by extension 'ignore_ament_install'
[0.458s] Level 1:colcon.colcon_core.package_identification:_identify(src/my_py_pkg) by extensions ['colcon_pkg']
[0.458s] Level 1:colcon.colcon_core.package_identification:_identify(src/my_py_pkg) by extension 'colcon_pkg'
[0.458s] Level 1:colcon.colcon_core.package_identification:_identify(src/my_py_pkg) by extensions ['colcon_meta']
[0.458s] Level 1:colcon.colcon_core.package_identification:_identify(src/my_py_pkg) by extension 'colcon_meta'
[0.458s] Level 1:colcon.colcon_core.package_identification:_identify(src/my_py_pkg) by extensions ['ros']
[0.458s] Level 1:colcon.colcon_core.package_identification:_identify(src/my_py_pkg) by extension 'ros'
[0.463s] DEBUG:colcon.colcon_core.package_identification:Package 'src/my_py_pkg' with type 'ros.ament_python' and name 'my_py_pkg'
[0.463s] Level 1:colcon.colcon_core.package_discovery:discover_packages(recursive) using defaults
[0.463s] Level 1:colcon.colcon_core.package_discovery:discover_packages(ignore) discover
[0.463s] Level 1:colcon.colcon_core.package_discovery:discover_packages(ignore) using defaults
[0.463s] Level 1:colcon.colcon_core.package_discovery:discover_packages(path) discover
[0.463s] Level 1:colcon.colcon_core.package_discovery:discover_packages(path) using defaults
[0.491s] Level 1:colcon.colcon_core.package_discovery:discover_packages(prefix_path) check parameters
[0.491s] Level 1:colcon.colcon_core.package_discovery:discover_packages(prefix_path) discover
[0.494s] DEBUG:colcon.colcon_installed_package_information.package_discovery:Found 0 installed packages in /home/albertocastro/ros2_ws/install
[0.497s] DEBUG:colcon.colcon_installed_package_information.package_discovery:Found 263 installed packages in /opt/ros/foxy
[0.499s] Level 1:colcon.colcon_core.package_discovery:discover_packages(prefix_path) using defaults
[0.594s] Level 5:colcon.colcon_core.verb:set package 'my_py_pkg' build argument 'cmake_args' from command line to 'None'
[0.594s] Level 5:colcon.colcon_core.verb:set package 'my_py_pkg' build argument 'cmake_target' from command line to 'None'
[0.594s] Level 5:colcon.colcon_core.verb:set package 'my_py_pkg' build argument 'cmake_target_skip_unavailable' from command line to 'False'
[0.594s] Level 5:colcon.colcon_core.verb:set package 'my_py_pkg' build argument 'cmake_clean_cache' from command line to 'False'
[0.594s] Level 5:colcon.colcon_core.verb:set package 'my_py_pkg' build argument 'cmake_clean_first' from command line to 'False'
[0.594s] Level 5:colcon.colcon_core.verb:set package 'my_py_pkg' build argument 'cmake_force_configure' from command line to 'False'
[0.594s] Level 5:colcon.colcon_core.verb:set package 'my_py_pkg' build argument 'ament_cmake_args' from command line to 'None'
[0.594s] Level 5:colcon.colcon_core.verb:set package 'my_py_pkg' build argument 'catkin_cmake_args' from command line to 'None'
[0.594s] Level 5:colcon.colcon_core.verb:set package 'my_py_pkg' build argument 'catkin_skip_building_tests' from command line to 'False'
[0.594s] DEBUG:colcon.colcon_core.verb:Building package 'my_py_pkg' with the following arguments: {'ament_cmake_args': None, 'build_base': '/home/albertocastro/ros2_ws/build/my_py_pkg', 'catkin_cmake_args': None, 'catkin_skip_building_tests': False, 'cmake_args': None, 'cmake_clean_cache': False, 'cmake_clean_first': False, 'cmake_force_configure': False, 'cmake_target': None, 'cmake_target_skip_unavailable': False, 'install_base': '/home/albertocastro/ros2_ws/install/my_py_pkg', 'merge_install': False, 'path': '/home/albertocastro/ros2_ws/src/my_py_pkg', 'symlink_install': False, 'test_result_base': None}
[0.595s] INFO:colcon.colcon_core.executor:Executing jobs using 'parallel' executor
[0.600s] DEBUG:colcon.colcon_parallel_executor.executor.parallel:run_until_complete
[0.600s] INFO:colcon.colcon_ros.task.ament_python.build:Building ROS package in '/home/albertocastro/ros2_ws/src/my_py_pkg' with build type 'ament_python'
[0.600s] Level 1:colcon.colcon_core.shell:create_environment_hook('my_py_pkg', 'ament_prefix_path')
[0.606s] INFO:colcon.colcon_core.plugin_system:Skipping extension 'colcon_core.shell.bat': Not used on non-Windows systems
[0.607s] INFO:colcon.colcon_core.shell:Creating environment hook '/home/albertocastro/ros2_ws/install/my_py_pkg/share/my_py_pkg/hook/ament_prefix_path.ps1'
[0.608s] INFO:colcon.colcon_core.shell:Creating environment descriptor '/home/albertocastro/ros2_ws/install/my_py_pkg/share/my_py_pkg/hook/ament_prefix_path.dsv'
[0.608s] INFO:colcon.colcon_core.shell:Creating environment hook '/home/albertocastro/ros2_ws/install/my_py_pkg/share/my_py_pkg/hook/ament_prefix_path.sh'
[0.611s] INFO:colcon.colcon_core.shell:Skip shell extension 'powershell' for command environment: Not usable outside of PowerShell
[0.611s] DEBUG:colcon.colcon_core.shell:Skip shell extension 'dsv' for command environment
[0.919s] INFO:colcon.colcon_core.task.python.build:Building Python package in '/home/albertocastro/ros2_ws/src/my_py_pkg'
[0.922s] INFO:colcon.colcon_core.shell:Skip shell extension 'powershell' for command environment: Not usable outside of PowerShell
[0.922s] DEBUG:colcon.colcon_core.shell:Skip shell extension 'dsv' for command environment
[1.472s] DEBUG:colcon.colcon_core.event_handler.log_command:Invoking command in '/home/albertocastro/ros2_ws/src/my_py_pkg': PYTHONPATH=/home/albertocastro/ros2_ws/build/my_py_pkg/prefix_override:/home/albertocastro/ros2_ws/install/my_py_pkg/lib/python3.8/site-packages:${PYTHONPATH} /usr/bin/python3 setup.py egg_info --egg-base ../../build/my_py_pkg build --build-base /home/albertocastro/ros2_ws/build/my_py_pkg/build install --record /home/albertocastro/ros2_ws/build/my_py_pkg/install.log --install-scripts $base/lib/my_py_pkg --single-version-externally-managed
[1.853s] DEBUG:colcon.colcon_core.event_handler.log_command:Invoked command in '/home/albertocastro/ros2_ws/src/my_py_pkg' returned '0': PYTHONPATH=/home/albertocastro/ros2_ws/build/my_py_pkg/prefix_override:/home/albertocastro/ros2_ws/install/my_py_pkg/lib/python3.8/site-packages:${PYTHONPATH} /usr/bin/python3 setup.py egg_info --egg-base ../../build/my_py_pkg build --build-base /home/albertocastro/ros2_ws/build/my_py_pkg/build install --record /home/albertocastro/ros2_ws/build/my_py_pkg/install.log --install-scripts $base/lib/my_py_pkg --single-version-externally-managed
[1.860s] Level 1:colcon.colcon_core.environment:checking '/home/albertocastro/ros2_ws/install/my_py_pkg' for CMake module files
[1.860s] Level 1:colcon.colcon_core.environment:checking '/home/albertocastro/ros2_ws/install/my_py_pkg' for CMake config files
[1.862s] Level 1:colcon.colcon_core.environment:checking '/home/albertocastro/ros2_ws/install/my_py_pkg/lib'
[1.862s] Level 1:colcon.colcon_core.environment:checking '/home/albertocastro/ros2_ws/install/my_py_pkg/bin'
[1.862s] Level 1:colcon.colcon_core.environment:checking '/home/albertocastro/ros2_ws/install/my_py_pkg/lib/pkgconfig/my_py_pkg.pc'
[1.862s] Level 1:colcon.colcon_core.environment:checking '/home/albertocastro/ros2_ws/install/my_py_pkg/lib/python3.8/site-packages'
[1.862s] Level 1:colcon.colcon_core.shell:create_environment_hook('my_py_pkg', 'pythonpath')
[1.864s] INFO:colcon.colcon_core.shell:Creating environment hook '/home/albertocastro/ros2_ws/install/my_py_pkg/share/my_py_pkg/hook/pythonpath.ps1'
[1.865s] INFO:colcon.colcon_core.shell:Creating environment descriptor '/home/albertocastro/ros2_ws/install/my_py_pkg/share/my_py_pkg/hook/pythonpath.dsv'
[1.865s] INFO:colcon.colcon_core.shell:Creating environment hook '/home/albertocastro/ros2_ws/install/my_py_pkg/share/my_py_pkg/hook/pythonpath.sh'
[1.866s] Level 1:colcon.colcon_core.environment:checking '/home/albertocastro/ros2_ws/install/my_py_pkg/bin'
[1.866s] Level 1:colcon.colcon_core.environment:create_environment_scripts_only(my_py_pkg)
[1.868s] INFO:colcon.colcon_core.shell:Creating package script '/home/albertocastro/ros2_ws/install/my_py_pkg/share/my_py_pkg/package.ps1'
[1.869s] INFO:colcon.colcon_core.shell:Creating package descriptor '/home/albertocastro/ros2_ws/install/my_py_pkg/share/my_py_pkg/package.dsv'
[1.870s] INFO:colcon.colcon_core.shell:Creating package script '/home/albertocastro/ros2_ws/install/my_py_pkg/share/my_py_pkg/package.sh'
[1.870s] INFO:colcon.colcon_core.shell:Creating package script '/home/albertocastro/ros2_ws/install/my_py_pkg/share/my_py_pkg/package.bash'
[1.871s] INFO:colcon.colcon_core.shell:Creating package script '/home/albertocastro/ros2_ws/install/my_py_pkg/share/my_py_pkg/package.zsh'
[1.872s] Level 1:colcon.colcon_core.environment:create_file_with_runtime_dependencies(/home/albertocastro/ros2_ws/install/my_py_pkg/share/colcon-core/packages/my_py_pkg)
[1.873s] DEBUG:colcon.colcon_parallel_executor.executor.parallel:closing loop
[1.873s] DEBUG:colcon.colcon_parallel_executor.executor.parallel:loop closed
[1.874s] DEBUG:colcon.colcon_parallel_executor.executor.parallel:run_until_complete finished with '0'
[1.874s] DEBUG:colcon.colcon_core.event_reactor:joining thread
[1.882s] INFO:colcon.colcon_core.plugin_system:Skipping extension 'colcon_notification.desktop_notification.terminal_notifier': Not used on non-Darwin systems
[1.882s] INFO:colcon.colcon_core.plugin_system:Skipping extension 'colcon_notification.desktop_notification.win32': Not used on non-Windows systems
[1.882s] INFO:colcon.colcon_notification.desktop_notification:Sending desktop notification using 'notify2'
[1.905s] DEBUG:colcon.colcon_core.event_reactor:joined thread
[1.907s] INFO:colcon.colcon_core.shell:Creating prefix script '/home/albertocastro/ros2_ws/install/local_setup.ps1'
[1.908s] INFO:colcon.colcon_core.shell:Creating prefix util module '/home/albertocastro/ros2_ws/install/_local_setup_util_ps1.py'
[1.911s] INFO:colcon.colcon_core.shell:Creating prefix chain script '/home/albertocastro/ros2_ws/install/setup.ps1'
[1.913s] INFO:colcon.colcon_core.shell:Creating prefix script '/home/albertocastro/ros2_ws/install/local_setup.sh'
[1.914s] INFO:colcon.colcon_core.shell:Creating prefix util module '/home/albertocastro/ros2_ws/install/_local_setup_util_sh.py'
[1.914s] INFO:colcon.colcon_core.shell:Creating prefix chain script '/home/albertocastro/ros2_ws/install/setup.sh'
[1.917s] INFO:colcon.colcon_core.shell:Creating prefix script '/home/albertocastro/ros2_ws/install/local_setup.bash'
[1.919s] INFO:colcon.colcon_core.shell:Creating prefix chain script '/home/albertocastro/ros2_ws/install/setup.bash'
[1.921s] INFO:colcon.colcon_core.shell:Creating prefix script '/home/albertocastro/ros2_ws/install/local_setup.zsh'
[1.922s] INFO:colcon.colcon_core.shell:Creating prefix chain script '/home/albertocastro/ros2_ws/install/setup.zsh'
